<?xml version="1.0" encoding="UTF-8"?>
<testng-results ignored="0" total="1" passed="1" failed="0" skipped="0">
  <reporter-output>
  </reporter-output>
  <suite started-at="2022-09-10T09:08:21 IST" name="inetBankingV1" finished-at="2022-09-10T09:09:49 IST" duration-ms="87756">
    <groups>
    </groups>
    <test started-at="2022-09-10T09:08:21 IST" name="BankingApp Test" finished-at="2022-09-10T09:09:49 IST" duration-ms="87756">
      <class name="com.inetbanking.testCases.TC_LoginTest_001">
        <test-method is-config="true" signature="setUp(java.lang.String)[pri:0, instance:com.inetbanking.testCases.TC_LoginTest_001@1f0f1111]" started-at="2022-09-10T09:08:21 IST" name="setUp" finished-at="2022-09-10T09:08:54 IST" duration-ms="32528" status="PASS">
          <params>
            <param index="0">
              <value>
                <![CDATA[chrome]]>
              </value>
            </param>
          </params>
          <reporter-output>
          </reporter-output>
        </test-method> <!-- setUp -->
        <test-method signature="loginTest()[pri:0, instance:com.inetbanking.testCases.TC_LoginTest_001@1f0f1111]" started-at="2022-09-10T09:08:54 IST" name="loginTest" finished-at="2022-09-10T09:09:48 IST" duration-ms="54613" status="PASS">
          <reporter-output>
          </reporter-output>
        </test-method> <!-- loginTest -->
        <test-method is-config="true" signature="tearDown()[pri:0, instance:com.inetbanking.testCases.TC_LoginTest_001@1f0f1111]" started-at="2022-09-10T09:09:48 IST" name="tearDown" finished-at="2022-09-10T09:09:49 IST" duration-ms="552" status="PASS">
          <reporter-output>
          </reporter-output>
        </test-method> <!-- tearDown -->
      </class> <!-- com.inetbanking.testCases.TC_LoginTest_001 -->
    </test> <!-- BankingApp Test -->
  </suite> <!-- inetBankingV1 -->
</testng-results>
